2025-02-23 22:17:27 - INFO - Бот запущен
2025-02-23 22:17:37 - INFO - Получено сообщение от : привет
2025-02-23 22:17:51 - INFO - Получено сообщение от : None
2025-02-23 22:17:56 - INFO - Получено сообщение от: None
2025-02-23 22:23:14 - INFO - Бот запущен
2025-02-23 22:23:21 - WARNING - Завершение работы...
2025-02-23 22:23:21 - WARNING - Бот остановлен пользователем (Ctrl+C)
2025-02-24 13:28:40 - INFO - : привет
2025-02-24 13:32:29 - INFO - Бот запущен
2025-02-24 13:32:33 - WARNING - Завершение работы...
2025-02-24 13:33:08 - INFO - Бот запущен
2025-02-24 13:33:11 - WARNING - Завершение работы...
2025-02-24 13:33:11 - WARNING - Бот остановлен пользователем (Ctrl+C)
2025-02-24 13:34:01 - INFO - Бот запущен
2025-02-24 13:34:03 - WARNING - Завершение работы...
2025-02-24 13:34:03 - WARNING - Бот остановлен пользователем (Ctrl+C)
2025-02-24 13:37:21 - INFO - Бот запущен
2025-02-24 13:37:31 - INFO -
2025-02-24 13:37:45 - WARNING - Завершение работы...
2025-02-24 13:37:45 - WARNING - Бот остановлен пользователем (Ctrl+C)
2025-02-24 19:47:33 - INFO - Бот запущен
2025-02-24 19:47:42 - INFO - Пользователь 847687859 запустил команду /help
2025-02-24 19:47:59 - INFO - Сообщение от 847687859: понял тебя
2025-02-24 19:48:18 - WARNING - Завершение работы...
2025-02-24 19:48:18 - WARNING - Бот остановлен пользователем (Ctrl+C)
2025-02-24 21:05:30 - INFO - Бот запущен
2025-02-24 21:05:39 - INFO - Пользователь 847687859 запустил команду /help
2025-02-24 21:05:45 - INFO - Сообщение от 847687859: давай пока
2025-02-24 21:06:03 - WARNING - Завершение работы...
2025-02-24 21:06:03 - WARNING - Бот остановлен пользователем (Ctrl+C)
2025-02-24 21:07:13 - INFO - Бот запущен
2025-02-24 21:07:21 - INFO - Сообщение от 847687859: давай пока
2025-02-24 21:08:03 - WARNING - Завершение работы...
2025-02-24 21:08:03 - WARNING - Бот остановлен пользователем (Ctrl+C)
2025-02-24 21:08:10 - INFO - Бот запущен
2025-02-24 21:08:15 - INFO - Сообщение от 847687859: давай пока
2025-02-24 21:08:15 - WARNING - Завершение работы...
2025-02-24 21:09:40 - WARNING - Завершение работы...
2025-02-24 21:09:40 - WARNING - Бот остановлен пользователем (Ctrl+C)
2025-02-24 23:19:45 - ERROR - Ошибка: name 'aiosqlite' is not defined
Traceback (most recent call last):
  File "c:\Users\Пользователь\Desktop\проектрирование по\main.py", line 43, in main
    db_connection = await aiosqlite.connect('bot.db')
                          ^^^^^^^^^
NameError: name 'aiosqlite' is not defined
2025-02-24 23:19:45 - WARNING - Завершение работы...
2025-02-24 23:19:45 - CRITICAL - Ошибка в главном цикле: name 'db_shutdown' is not defined
Traceback (most recent call last):
  File "c:\Users\Пользователь\Desktop\проектрирование по\main.py", line 56, in <module>
    asyncio.run(main())
    ~~~~~~~~~~~^^^^^^^^
  File "C:\Users\User\Lib\asyncio\runners.py", line 195, in run
    return runner.run(main)
           ~~~~~~~~~~^^^^^^
  File "C:\Users\User\Lib\asyncio\runners.py", line 118, in run
    return self._loop.run_until_complete(task)
           ~~~~~~~~~~~~~~~~~~~~~~~~~~~~~^^^^^^
  File "C:\Users\User\Lib\asyncio\base_events.py", line 725, in run_until_complete
    return future.result()
           ~~~~~~~~~~~~~^^
  File "c:\Users\Пользователь\Desktop\проектрирование по\main.py", line 52, in main
    await bot_shutdown(dp)
  File "c:\Users\Пользователь\Desktop\проектрирование по\main.py", line 36, in bot_shutdown
    await db_shutdown()
          ^^^^^^^^^^^
NameError: name 'db_shutdown' is not defined. Did you mean: 'bot_shutdown'?
2025-02-24 23:20:15 - INFO - Подключение к базе данных
2025-02-24 23:20:15 - ERROR - Ошибка инициализации базы данных: 'NoneType' object has no attribute 'cursor'
2025-02-24 23:20:15 - INFO - Бот запущен
2025-02-24 23:21:11 - WARNING - Завершение работы...
2025-02-24 23:21:11 - WARNING - Бот остановлен пользователем (Ctrl+C)
2025-02-24 23:24:40 - INFO - Подключение к базе данных
2025-02-24 23:24:40 - INFO - Бот запущен
2025-02-24 23:24:52 - INFO - Пользователь 847687859 запустил бота
2025-02-24 23:25:01 - WARNING - Завершение работы...
2025-02-24 23:25:01 - CRITICAL - Ошибка в главном цикле: name 'db_connection' is not defined
Traceback (most recent call last):
  File "c:\Users\Пользователь\Desktop\проектрирование по\main.py", line 48, in main
    await dp.start_polling(bot)
  File "C:\Users\User\Lib\site-packages\aiogram\dispatcher\dispatcher.py", line 543, in start_polling
    done, pending = await asyncio.wait(tasks, return_when=asyncio.FIRST_COMPLETED)
                    ^^^^^^^^^^^^^^^^^^^^^^^^^^^^^^^^^^^^^^^^^^^^^^^^^^^^^^^^^^^^^^
  File "C:\Users\User\Lib\asyncio\tasks.py", line 451, in wait
    return await _wait(fs, timeout, return_when, loop)
           ^^^^^^^^^^^^^^^^^^^^^^^^^^^^^^^^^^^^^^^^^^^
  File "C:\Users\User\Lib\asyncio\tasks.py", line 537, in _wait
    await waiter
asyncio.exceptions.CancelledError

During handling of the above exception, another exception occurred:

Traceback (most recent call last):
  File "c:\Users\Пользователь\Desktop\проектрирование по\main.py", line 56, in <module>
    asyncio.run(main())
    ~~~~~~~~~~~^^^^^^^^
  File "C:\Users\User\Lib\asyncio\runners.py", line 195, in run
    return runner.run(main)
           ~~~~~~~~~~^^^^^^
  File "C:\Users\User\Lib\asyncio\runners.py", line 118, in run
    return self._loop.run_until_complete(task)
           ~~~~~~~~~~~~~~~~~~~~~~~~~~~~~^^^^^^
  File "C:\Users\User\Lib\asyncio\base_events.py", line 725, in run_until_complete
    return future.result()
           ~~~~~~~~~~~~~^^
  File "c:\Users\Пользователь\Desktop\проектрирование по\main.py", line 52, in main
    await bot_shutdown(dp)
  File "c:\Users\Пользователь\Desktop\проектрирование по\main.py", line 36, in bot_shutdown
    await db_shutdown()
  File "c:\Users\Пользователь\Desktop\проектрирование по\database.py", line 51, in db_shutdown
    if db_connection:
       ^^^^^^^^^^^^^
NameError: name 'db_connection' is not defined
2025-02-24 23:37:26 - INFO - Подключение к базе данных
2025-02-24 23:37:26 - INFO - Таблица создана
2025-02-24 23:37:26 - INFO - Бот запущен
2025-02-24 23:37:33 - INFO - Пользователь добавлен
2025-02-24 23:37:33 - INFO - Пользователь 847687859 запустил бота
2025-02-24 23:37:53 - WARNING - Завершение работы...
2025-02-24 23:37:53 - INFO - Отключение от базы данных
2025-02-24 23:37:53 - WARNING - Бот остановлен пользователем (Ctrl+C)
2025-02-24 23:38:29 - INFO - Подключение к базе данных
2025-02-24 23:38:29 - INFO - Таблица создана
2025-02-24 23:38:29 - INFO - Бот запущен
2025-02-24 23:38:34 - WARNING - Завершение работы...
2025-02-24 23:38:34 - INFO - Отключение от базы данных
2025-02-24 23:38:34 - WARNING - Бот остановлен пользователем (Ctrl+C)
2025-02-24 23:41:10 - INFO - Подключение к базе данных
2025-02-24 23:41:10 - INFO - Таблица создана
2025-02-24 23:41:10 - INFO - Бот запущен
2025-02-24 23:41:19 - WARNING - Завершение работы...
2025-02-24 23:41:19 - INFO - Отключение от базы данных
2025-02-24 23:41:19 - WARNING - Бот остановлен пользователем (Ctrl+C)
2025-02-26 19:56:14 - INFO - Подключение к базе данных
2025-02-26 19:56:14 - INFO - Бот запущен
2025-02-26 19:56:37 - INFO - Пользователь добавлен
2025-02-26 19:56:37 - INFO - Пользователь 847687859 запустил бота
2025-02-26 19:56:45 - INFO - Пользователь 847687859 запустил команду /help
2025-02-26 19:57:03 - WARNING - Завершение работы...
2025-02-26 19:57:03 - INFO - Отключение от базы данных
2025-02-26 19:57:03 - WARNING - Бот остановлен пользователем (Ctrl+C)
2025-03-04 22:34:52 - INFO - Подключение к базе данных
2025-03-04 22:34:52 - INFO - Бот запущен
2025-03-04 22:34:56 - INFO - Пользователь 847687859 запустил команду /help
2025-03-04 22:34:58 - INFO - Пользователь 847687859 запустил команду /schedule
2025-03-04 22:35:13 - WARNING - Завершение работы...
2025-03-04 22:35:13 - INFO - Отключение от базы данных
2025-03-04 22:35:13 - WARNING - Бот остановлен пользователем (Ctrl+C)
2025-03-04 22:35:57 - INFO - Подключение к базе данных
2025-03-04 22:35:57 - INFO - Бот запущен
2025-03-04 22:36:01 - INFO - Пользователь 847687859 запустил команду /schedule
2025-03-04 22:36:17 - WARNING - Завершение работы...
2025-03-04 22:36:17 - INFO - Отключение от базы данных
2025-03-04 22:36:17 - WARNING - Бот остановлен пользователем (Ctrl+C)
2025-03-04 22:36:23 - INFO - Подключение к базе данных
2025-03-04 22:36:23 - INFO - Бот запущен
2025-03-04 22:36:25 - INFO - Пользователь 847687859 запустил команду /schedule
2025-03-04 22:37:06 - WARNING - Завершение работы...
2025-03-04 22:37:06 - INFO - Отключение от базы данных
2025-03-04 22:37:06 - WARNING - Бот остановлен пользователем (Ctrl+C)
2025-03-04 22:45:39 - INFO - Подключение к базе данных
2025-03-04 22:45:39 - INFO - Бот запущен
2025-03-04 22:45:45 - INFO - Пользователь 847687859 запустил команду /schedule
2025-03-04 22:46:00 - WARNING - Завершение работы...
2025-03-04 22:46:00 - INFO - Отключение от базы данных
2025-03-04 22:46:00 - WARNING - Бот остановлен пользователем (Ctrl+C)
2025-03-04 22:46:04 - INFO - Подключение к базе данных
2025-03-04 22:46:04 - INFO - Бот запущен
2025-03-04 22:46:07 - INFO - Пользователь 847687859 запустил команду /schedule
2025-03-04 22:46:19 - WARNING - Завершение работы...
2025-03-04 22:46:19 - INFO - Отключение от базы данных
2025-03-04 22:46:19 - WARNING - Бот остановлен пользователем (Ctrl+C)
2025-03-05 10:30:40 - INFO - Подключение к базе данных
2025-03-05 10:30:40 - INFO - Бот запущен
2025-03-05 10:30:59 - INFO - Пользователь 847687859 запустил команду /schedule
2025-03-05 10:31:09 - WARNING - Завершение работы...
2025-03-05 10:31:09 - INFO - Отключение от базы данных
2025-03-05 10:31:09 - WARNING - Бот остановлен пользователем (Ctrl+C)
2025-03-05 10:33:06 - INFO - Подключение к базе данных
2025-03-05 10:33:06 - INFO - Бот запущен
2025-03-05 10:33:08 - INFO - Пользователь 847687859 запустил команду /schedule
2025-03-05 10:37:45 - WARNING - Завершение работы...
2025-03-05 10:37:45 - INFO - Отключение от базы данных
2025-03-05 10:37:45 - WARNING - Бот остановлен пользователем (Ctrl+C)
2025-03-05 10:37:51 - INFO - Подключение к базе данных
2025-03-05 10:37:51 - INFO - Бот запущен
2025-03-05 10:38:02 - INFO - Пользователь 847687859 запустил команду /schedule
2025-03-05 10:39:11 - WARNING - Завершение работы...
2025-03-05 10:39:11 - INFO - Отключение от базы данных
2025-03-05 10:39:11 - WARNING - Бот остановлен пользователем (Ctrl+C)
2025-03-05 10:39:16 - INFO - Подключение к базе данных
2025-03-05 10:39:16 - INFO - Бот запущен
2025-03-05 10:39:24 - INFO - Пользователь 847687859 запустил команду /schedule
2025-03-05 10:41:45 - WARNING - Завершение работы...
2025-03-05 10:41:45 - INFO - Отключение от базы данных
2025-03-05 10:41:45 - WARNING - Бот остановлен пользователем (Ctrl+C)
2025-03-05 10:41:53 - INFO - Подключение к базе данных
2025-03-05 10:41:53 - INFO - Бот запущен
2025-03-05 10:41:56 - INFO - Пользователь 847687859 запустил команду /schedule
2025-03-05 10:44:56 - WARNING - Завершение работы...
2025-03-05 10:44:56 - INFO - Отключение от базы данных
2025-03-05 10:44:56 - WARNING - Бот остановлен пользователем (Ctrl+C)
2025-03-05 10:45:24 - INFO - Подключение к базе данных
2025-03-05 10:45:24 - INFO - Бот запущен
2025-03-05 10:45:27 - INFO - Пользователь 847687859 запустил команду /schedule
2025-03-05 10:45:52 - WARNING - Завершение работы...
2025-03-05 10:45:52 - INFO - Отключение от базы данных
2025-03-05 10:45:52 - WARNING - Бот остановлен пользователем (Ctrl+C)
2025-03-05 12:04:03 - INFO - Подключение к базе данных
2025-03-05 12:04:03 - INFO - Бот запущен
2025-03-05 12:04:19 - INFO - Пользователь добавлен
2025-03-05 12:04:19 - INFO - Пользователь 1307798308 запустил бота
2025-03-05 12:04:35 - INFO - Пользователь 847687859 запустил команду /schedule
2025-03-05 12:04:37 - INFO - Пользователь 1307798308 запустил команду /help
2025-03-05 12:04:57 - INFO - Пользователь 1307798308 запустил команду /schedule
2025-03-05 12:05:27 - WARNING - Завершение работы...
2025-03-05 12:05:27 - INFO - Отключение от базы данных
2025-03-05 12:05:27 - WARNING - Бот остановлен пользователем (Ctrl+C)
2025-03-07 12:07:40 - INFO - Подключение к базе данных
2025-03-07 12:07:41 - INFO - Бот запущен
2025-03-07 12:07:56 - INFO - Сообщение от 847687859: a
2025-03-07 12:08:00 - INFO - Сообщение от 847687859: z
2025-03-07 12:08:03 - INFO - Сообщение от 847687859: z
2025-03-07 12:08:05 - INFO - Сообщение от 847687859: Z
2025-03-07 12:08:31 - INFO - Сообщение от 847687859: zov
2025-03-07 12:08:49 - WARNING - Завершение работы...
2025-03-07 12:08:49 - INFO - Отключение от базы данных
2025-03-07 12:08:49 - WARNING - Бот остановлен пользователем (Ctrl+C)
2025-03-07 12:08:55 - INFO - Подключение к базе данных
2025-03-07 12:08:55 - INFO - Бот запущен
2025-03-07 12:09:24 - INFO - Сообщение от 847687859: zov
2025-03-07 12:09:41 - INFO - Сообщение от 847687859: ZOV
2025-03-07 12:12:13 - WARNING - Завершение работы...
2025-03-07 12:12:13 - INFO - Отключение от базы данных
2025-03-07 12:12:13 - WARNING - Бот остановлен пользователем (Ctrl+C)
2025-03-07 12:25:22 - INFO - Подключение к базе данных
2025-03-07 12:25:22 - INFO - Бот запущен
2025-03-07 12:27:39 - WARNING - Завершение работы...
2025-03-07 12:27:39 - INFO - Отключение от базы данных
2025-03-07 12:27:39 - WARNING - Бот остановлен пользователем (Ctrl+C)
2025-03-07 12:27:45 - INFO - Подключение к базе данных
2025-03-07 12:27:45 - INFO - Бот запущен
2025-03-07 12:27:54 - WARNING - Завершение работы...
2025-03-07 12:27:54 - INFO - Отключение от базы данных
2025-03-07 12:27:54 - WARNING - Бот остановлен пользователем (Ctrl+C)
2025-03-07 14:16:18 - INFO - Подключение к базе данных
2025-03-07 14:16:18 - INFO - Бот запущен
2025-03-07 14:16:24 - INFO - Пользователь 847687859 запустил команду /schedule
2025-03-07 14:16:40 - WARNING - Завершение работы...
2025-03-07 14:16:40 - INFO - Отключение от базы данных
2025-03-07 14:16:40 - WARNING - Бот остановлен пользователем (Ctrl+C)
2025-03-07 14:17:10 - INFO - Подключение к базе данных
2025-03-07 14:17:10 - INFO - Бот запущен
2025-03-07 14:17:12 - INFO - Пользователь 847687859 запустил команду /schedule
2025-03-07 14:17:27 - WARNING - Завершение работы...
2025-03-07 14:17:27 - INFO - Отключение от базы данных
2025-03-07 14:17:27 - WARNING - Бот остановлен пользователем (Ctrl+C)
2025-03-07 14:17:54 - INFO - Подключение к базе данных
2025-03-07 14:17:54 - INFO - Бот запущен
2025-03-07 14:17:56 - INFO - Пользователь 847687859 запустил команду /schedule
2025-03-07 14:18:36 - WARNING - Завершение работы...
2025-03-07 14:18:36 - INFO - Отключение от базы данных
2025-03-07 14:18:36 - WARNING - Бот остановлен пользователем (Ctrl+C)
2025-03-07 14:21:22 - INFO - Подключение к базе данных
2025-03-07 14:21:22 - INFO - Бот запущен
2025-03-07 14:21:52 - WARNING - Завершение работы...
2025-03-07 14:21:52 - INFO - Отключение от базы данных
2025-03-07 14:21:52 - WARNING - Бот остановлен пользователем (Ctrl+C)
2025-03-07 14:22:33 - INFO - Подключение к базе данных
2025-03-07 14:22:33 - INFO - Бот запущен
2025-03-07 14:22:37 - INFO - Пользователь 847687859 запустил команду /schedule
2025-03-07 14:23:05 - WARNING - Завершение работы...
2025-03-07 14:23:05 - INFO - Отключение от базы данных
2025-03-07 14:23:05 - WARNING - Бот остановлен пользователем (Ctrl+C)
2025-03-07 14:27:48 - INFO - Подключение к базе данных
2025-03-07 14:27:48 - INFO - Бот запущен
2025-03-07 14:27:52 - INFO - Пользователь 847687859 запустил команду /schedule
2025-03-07 14:36:21 - WARNING - Завершение работы...
2025-03-07 14:36:21 - INFO - Отключение от базы данных
2025-03-07 14:36:21 - WARNING - Бот остановлен пользователем (Ctrl+C)
2025-03-07 14:36:28 - INFO - Подключение к базе данных
2025-03-07 14:36:28 - INFO - Бот запущен
2025-03-07 14:36:31 - INFO - Пользователь 847687859 запустил команду /schedule
2025-03-07 14:37:09 - WARNING - Завершение работы...
2025-03-07 14:37:09 - INFO - Отключение от базы данных
2025-03-07 14:37:09 - WARNING - Бот остановлен пользователем (Ctrl+C)
2025-03-07 14:38:28 - INFO - Подключение к базе данных
2025-03-07 14:38:28 - INFO - Бот запущен
2025-03-07 14:38:30 - INFO - Пользователь 847687859 запустил команду /schedule
2025-03-07 14:38:50 - WARNING - Завершение работы...
2025-03-07 14:38:50 - INFO - Отключение от базы данных
2025-03-07 14:38:50 - WARNING - Бот остановлен пользователем (Ctrl+C)
2025-03-07 14:39:05 - INFO - Подключение к базе данных
2025-03-07 14:39:05 - INFO - Бот запущен
2025-03-07 14:39:06 - INFO - Пользователь 847687859 запустил команду /schedule
2025-03-07 14:39:14 - WARNING - Завершение работы...
2025-03-07 14:39:14 - INFO - Отключение от базы данных
2025-03-07 14:39:14 - WARNING - Бот остановлен пользователем (Ctrl+C)
2025-03-07 14:39:31 - INFO - Подключение к базе данных
2025-03-07 14:39:31 - INFO - Бот запущен
2025-03-07 14:39:32 - INFO - Пользователь 847687859 запустил команду /schedule
2025-03-07 14:40:03 - WARNING - Завершение работы...
2025-03-07 14:40:03 - INFO - Отключение от базы данных
2025-03-07 14:40:03 - WARNING - Бот остановлен пользователем (Ctrl+C)
2025-03-07 14:40:07 - INFO - Подключение к базе данных
2025-03-07 14:40:07 - INFO - Бот запущен
2025-03-07 14:40:10 - INFO - Пользователь 847687859 запустил команду /schedule
2025-03-07 14:40:36 - WARNING - Завершение работы...
2025-03-07 14:40:36 - INFO - Отключение от базы данных
2025-03-07 14:40:36 - WARNING - Бот остановлен пользователем (Ctrl+C)
2025-03-07 14:40:42 - INFO - Подключение к базе данных
2025-03-07 14:40:42 - INFO - Бот запущен
2025-03-07 14:40:43 - INFO - Пользователь 847687859 запустил команду /schedule
2025-03-07 14:41:03 - INFO - Пользователь 847687859 запустил команду /schedule
2025-03-07 14:41:15 - WARNING - Завершение работы...
2025-03-07 14:41:15 - INFO - Отключение от базы данных
2025-03-07 14:41:15 - WARNING - Бот остановлен пользователем (Ctrl+C)
2025-03-07 14:41:30 - INFO - Подключение к базе данных
2025-03-07 14:41:30 - INFO - Бот запущен
2025-03-07 14:41:31 - INFO - Пользователь 847687859 запустил команду /schedule
2025-03-07 14:41:42 - WARNING - Завершение работы...
2025-03-07 14:41:42 - INFO - Отключение от базы данных
2025-03-07 14:41:42 - WARNING - Бот остановлен пользователем (Ctrl+C)
2025-03-07 14:48:32 - INFO - Подключение к базе данных
2025-03-07 14:48:32 - INFO - Бот запущен
2025-03-07 14:48:33 - INFO - Пользователь 847687859 запустил команду /schedule
2025-03-07 15:45:49 - WARNING - Завершение работы...
2025-03-07 15:45:49 - INFO - Отключение от базы данных
2025-03-07 15:45:49 - WARNING - Бот остановлен пользователем (Ctrl+C)
2025-03-12 22:41:13 - INFO - Подключение к базе данных
2025-03-12 22:41:13 - INFO - Бот запущен
2025-03-12 22:41:27 - INFO - Пользователь добавлен
2025-03-12 22:41:27 - INFO - Пользователь 847687859 запустил бота и создал расписание
2025-03-12 22:41:46 - WARNING - Завершение работы...
2025-03-12 22:41:46 - INFO - Отключение от базы данных
2025-03-12 22:41:46 - WARNING - Бот остановлен пользователем (Ctrl+C)
2025-03-12 22:42:50 - INFO - Подключение к базе данных
2025-03-12 22:42:50 - INFO - Бот запущен
2025-03-12 22:42:50 - INFO - Пользователь 847687859 запустил команду /schedule
2025-03-12 22:44:16 - WARNING - Завершение работы...
2025-03-12 22:44:16 - INFO - Отключение от базы данных
2025-03-12 22:44:16 - WARNING - Бот остановлен пользователем (Ctrl+C)
2025-03-12 22:44:20 - INFO - Подключение к базе данных
2025-03-12 22:44:20 - INFO - Бот запущен
2025-03-12 22:44:23 - INFO - Пользователь 847687859 запустил команду /schedule
2025-03-12 22:45:01 - WARNING - Завершение работы...
2025-03-12 22:45:01 - INFO - Отключение от базы данных
2025-03-12 22:45:01 - WARNING - Бот остановлен пользователем (Ctrl+C)
2025-03-12 22:47:45 - INFO - Подключение к базе данных
2025-03-12 22:47:45 - INFO - Бот запущен
2025-03-12 22:48:00 - WARNING - Завершение работы...
2025-03-12 22:48:00 - INFO - Отключение от базы данных
2025-03-12 22:48:00 - WARNING - Бот остановлен пользователем (Ctrl+C)
2025-03-12 22:51:21 - INFO - Подключение к базе данных
2025-03-12 22:51:21 - INFO - Бот запущен
2025-03-12 22:51:28 - INFO - Пользователь 847687859 запустил команду /schedule
2025-03-12 22:51:42 - WARNING - Завершение работы...
2025-03-12 22:51:42 - INFO - Отключение от базы данных
2025-03-12 22:51:42 - WARNING - Бот остановлен пользователем (Ctrl+C)
2025-03-12 23:01:41 - INFO - Подключение к базе данных
2025-03-12 23:01:41 - INFO - Бот запущен
2025-03-12 23:01:48 - INFO - Пользователь 847687859 запустил команду /schedule
2025-03-12 23:02:03 - WARNING - Завершение работы...
2025-03-12 23:02:03 - INFO - Отключение от базы данных
2025-03-12 23:02:03 - WARNING - Бот остановлен пользователем (Ctrl+C)
